<?xml version="1.0" encoding="UTF-8"?>
<!-- Generated by org.testng.reporters.JUnitReportReporter -->
<testsuite hostname="ARSU_2831" failures="0" tests="1" name="TestScript.RegisterHomepage" time="197.074" errors="0" timestamp="2024-12-07T11:05:35 IST" skipped="0">
  <testcase classname="TestScript.RegisterHomepage" name="test01" time="197.074"/>
</testsuite> <!-- TestScript.RegisterHomepage -->
